<?xml version="1.0" encoding="utf-8"?><testsuites><testsuite name="pytest" errors="0" failures="1" skipped="0" tests="1" time="0.047" timestamp="2022-12-06T14:48:17.391958" hostname="TS01-05"><testcase classname="test_sample" name="test_answer" file="test_sample.py" line="3" time="0.001"><failure message="assert 4 == 5&#10; +  where 4 = func(3)">def test_answer():
&gt;       assert func(3) == 5
E       assert 4 == 5
E        +  where 4 = func(3)

test_sample.py:5: AssertionError</failure><system-out>--------------------------------- Captured Log ---------------------------------

--------------------------------- Captured Out ---------------------------------

</system-out><system-err>--------------------------------- Captured Err ---------------------------------

</system-err></testcase></testsuite></testsuites>